<?xml version="1.0" encoding="UTF-8"?>
<!-- Generated by org.testng.reporters.JUnitXMLReporter -->
<testsuite ignored="0" hostname="ArunMotoori" failures="0" tests="7" name="Default test" time="30.15" errors="0" timestamp="2024-10-26T20:20:32 IST">
  <testcase classname="tests.Login" name="verifyLoginUsingValidCredentials" time="1.101"/>
  <testcase classname="tests.Login" name="verifyLoginUsingValidCredentials" time="1.09"/>
  <testcase classname="tests.Login" name="verifyLoginUsingValidCredentials" time="1.073"/>
  <testcase classname="tests.Login" name="verifyLoginUsingInvalidCredentials" time="0.856"/>
  <testcase classname="tests.Login" name="verifyLoginUsingInvalidEmailAndValidPassword" time="0.835"/>
  <testcase classname="tests.Login" name="verifyLoginUsingValidEmailAndInvalidPassword" time="0.812"/>
  <testcase classname="tests.Login" name="verifyLoginWithoutCredentials" time="0.57"/>
</testsuite> <!-- Default test -->
