<?xml version="1.0" encoding="UTF-8"?>
<!-- Generated by org.testng.reporters.JUnitXMLReporter -->
<testsuite ignored="0" hostname="ArunMotoori" failures="0" tests="9" name="Test" time="46.072" errors="0" timestamp="2024-10-26T19:40:01 IST">
  <testcase classname="tests.Register" name="verifyRegistingAccountUsingMandtoryFields" time="1.985"/>
  <testcase classname="tests.Register" name="verifyRegisteringAccountUsingAllFields" time="1.924"/>
  <testcase classname="tests.Register" name="verifyRegisterationBySayingYesToNewsletter" time="2.496"/>
  <testcase classname="tests.Register" name="verifyRegisterationBySayingNoToNewsletter" time="2.388"/>
  <testcase classname="tests.Login" name="verifyLoginUsingValidCredentials" time="1.219"/>
  <testcase classname="tests.Login" name="verifyLoginUsingInvalidCredentials" time="0.874"/>
  <testcase classname="tests.Login" name="verifyLoginUsingInvalidEmailAndValidPassword" time="0.835"/>
  <testcase classname="tests.Login" name="verifyLoginUsingValidEmailAndInvalidPassword" time="0.832"/>
  <testcase classname="tests.Login" name="verifyLoginWithoutCredentials" time="0.806"/>
</testsuite> <!-- Test -->
