<?xml version="1.0" encoding="UTF-8"?>
<!-- Generated by org.testng.reporters.JUnitXMLReporter -->
<testsuite ignored="1" hostname="ArunMotoori" failures="1" tests="13" name="Test" time="58.297" errors="0" timestamp="2024-10-27T19:54:19 IST">
  <testcase classname="tests.Register" name="verifyRegistingAccountUsingMandtoryFields" time="2.042"/>
  <testcase classname="tests.Register" name="verifyRegisteringAccountUsingAllFields" time="1.923"/>
  <testcase classname="tests.Register" name="verifyRegisterationBySayingYesToNewsletter" time="2.358"/>
  <testcase classname="tests.Login" name="verifyLoginUsingValidCredentials" time="1.081"/>
  <testcase classname="tests.Login" name="verifyLoginUsingValidCredentials" time="1.091"/>
  <testcase classname="tests.Login" name="verifyLoginUsingValidCredentials" time="1.056"/>
  <testcase classname="tests.Login" name="verifyLoginUsingInvalidCredentials" time="0.902"/>
  <testcase classname="tests.Login" name="verifyLoginUsingInvalidEmailAndValidPassword" time="0.799"/>
  <testcase classname="tests.Login" name="verifyLoginUsingValidEmailAndInvalidPassword" time="0.829"/>
  <testcase classname="tests.Login" name="verifyLoginWithoutCredentials" time="0.608"/>
  <testcase classname="tests.Search" name="verifySearchWithExistingProduct" time="0.636">
    <failure type="java.lang.AssertionError" message="expected [true] but found [false]">
      <![CDATA[java.lang.AssertionError: expected [true] but found [false]
at tests.Search.verifySearchWithExistingProduct(Search.java:38)
at java.base/java.util.ArrayList.forEach(ArrayList.java:1596)
... Removed 29 stack frames]]>
    </failure>
  </testcase> <!-- verifySearchWithExistingProduct -->
  <testcase classname="tests.Search" name="verifySearchWithNonExistingProduct" time="0.0">
    <skipped/>
  </testcase> <!-- verifySearchWithNonExistingProduct -->
  <testcase classname="tests.Search" name="verifySearchWithoutEnteringAnyProduct" time="0.001">
    <skipped/>
  </testcase> <!-- verifySearchWithoutEnteringAnyProduct -->
  <testcase classname="tests.Register" name="verifyRegisterationBySayingNoToNewsletter" time="0.0">
    <ignored/>
  </testcase> <!-- verifyRegisterationBySayingNoToNewsletter -->
</testsuite> <!-- Test -->
