<?xml version="1.0" encoding="UTF-8"?>
<!-- Generated by org.testng.reporters.JUnitXMLReporter -->
<testsuite ignored="1" hostname="DESKTOP-084COBF" failures="0" tests="13" name="Test" time="89.316" errors="0" timestamp="2024-11-26T13:38:29 IST">
  <testcase classname="tests.RegisterTest" name="verifyRegistingAccountUsingMandtoryFields" time="4.008"/>
  <testcase classname="tests.RegisterTest" name="verifyRegisteringAccountUsingAllFields" time="4.562"/>
  <testcase classname="tests.RegisterTest" name="verifyRegisterationBySayingYesToNewsletter" time="5.462"/>
  <testcase classname="tests.LoginTest" name="verifyLoginUsingValidCredentials" time="1.697"/>
  <testcase classname="tests.LoginTest" name="verifyLoginUsingValidCredentials" time="1.639"/>
  <testcase classname="tests.LoginTest" name="verifyLoginUsingValidCredentials" time="1.834"/>
  <testcase classname="tests.LoginTest" name="verifyLoginUsingInvalidCredentials" time="1.153"/>
  <testcase classname="tests.LoginTest" name="verifyLoginUsingInvalidEmailAndValidPassword" time="1.492"/>
  <testcase classname="tests.LoginTest" name="verifyLoginUsingValidEmailAndInvalidPassword" time="1.376"/>
  <testcase classname="tests.LoginTest" name="verifyLoginWithoutCredentials" time="0.837"/>
  <testcase classname="tests.SearchTest" name="verifySearchWithExistingProduct" time="1.082"/>
  <testcase classname="tests.SearchTest" name="verifySearchWithNonExistingProduct" time="0.858"/>
  <testcase classname="tests.SearchTest" name="verifySearchWithoutEnteringAnyProduct" time="0.722"/>
  <testcase classname="tests.RegisterTest" name="verifyRegisterationBySayingNoToNewsletter" time="0.0">
    <ignored/>
  </testcase> <!-- verifyRegisterationBySayingNoToNewsletter -->
</testsuite> <!-- Test -->
