<?xml version="1.0" encoding="UTF-8"?>
<testng-results ignored="0" total="13" passed="13" failed="0" skipped="0">
  <reporter-output>
  </reporter-output>
  <suite started-at="2024-11-26T13:36:58 IST" name="Suite" finished-at="2024-11-26T13:38:28 IST" duration-ms="89316">
    <groups>
    </groups>
    <test started-at="2024-11-26T13:36:58 IST" name="Test" finished-at="2024-11-26T13:38:28 IST" duration-ms="89316">
      <class name="tests.LoginTest">
        <test-method is-config="true" signature="setup()[pri:0, instance:tests.LoginTest@35cabb2a]" started-at="2024-11-26T13:37:31 IST" name="setup" finished-at="2024-11-26T13:37:35 IST" duration-ms="4112" status="PASS">
          <reporter-output>
          </reporter-output>
        </test-method> <!-- setup -->
        <test-method signature="verifyLoginUsingValidCredentials(java.util.HashMap)[pri:1, instance:tests.LoginTest@35cabb2a]" started-at="2024-11-26T13:37:35 IST" name="verifyLoginUsingValidCredentials" data-provider="dataSupplier1" finished-at="2024-11-26T13:37:37 IST" duration-ms="1697" status="PASS">
          <params>
            <param index="0">
              <value>
                <![CDATA[{Username=amotooribatch1@gmail.com, Password=abcde}]]>
              </value>
            </param>
          </params>
          <reporter-output>
          </reporter-output>
        </test-method> <!-- verifyLoginUsingValidCredentials -->
        <test-method is-config="true" signature="teardown()[pri:0, instance:tests.LoginTest@35cabb2a]" started-at="2024-11-26T13:37:37 IST" name="teardown" finished-at="2024-11-26T13:37:37 IST" duration-ms="216" status="PASS">
          <reporter-output>
          </reporter-output>
        </test-method> <!-- teardown -->
        <test-method is-config="true" signature="setup()[pri:0, instance:tests.LoginTest@35cabb2a]" started-at="2024-11-26T13:37:37 IST" name="setup" finished-at="2024-11-26T13:37:42 IST" duration-ms="4427" status="PASS">
          <reporter-output>
          </reporter-output>
        </test-method> <!-- setup -->
        <test-method signature="verifyLoginUsingValidCredentials(java.util.HashMap)[pri:1, instance:tests.LoginTest@35cabb2a]" started-at="2024-11-26T13:37:42 IST" name="verifyLoginUsingValidCredentials" data-provider="dataSupplier1" finished-at="2024-11-26T13:37:43 IST" duration-ms="1639" status="PASS">
          <params>
            <param index="0">
              <value>
                <![CDATA[{Username=amotooribatch11@gmail.com, Password=fghij}]]>
              </value>
            </param>
          </params>
          <reporter-output>
          </reporter-output>
        </test-method> <!-- verifyLoginUsingValidCredentials -->
        <test-method is-config="true" signature="teardown()[pri:0, instance:tests.LoginTest@35cabb2a]" started-at="2024-11-26T13:37:43 IST" name="teardown" finished-at="2024-11-26T13:37:44 IST" duration-ms="292" status="PASS">
          <reporter-output>
          </reporter-output>
        </test-method> <!-- teardown -->
        <test-method is-config="true" signature="setup()[pri:0, instance:tests.LoginTest@35cabb2a]" started-at="2024-11-26T13:37:44 IST" name="setup" finished-at="2024-11-26T13:37:48 IST" duration-ms="4703" status="PASS">
          <reporter-output>
          </reporter-output>
        </test-method> <!-- setup -->
        <test-method signature="verifyLoginUsingValidCredentials(java.util.HashMap)[pri:1, instance:tests.LoginTest@35cabb2a]" started-at="2024-11-26T13:37:48 IST" name="verifyLoginUsingValidCredentials" data-provider="dataSupplier1" finished-at="2024-11-26T13:37:50 IST" duration-ms="1834" status="PASS">
          <params>
            <param index="0">
              <value>
                <![CDATA[{Username=amotooribatch111@gmail.com, Password=klmno}]]>
              </value>
            </param>
          </params>
          <reporter-output>
          </reporter-output>
        </test-method> <!-- verifyLoginUsingValidCredentials -->
        <test-method is-config="true" signature="teardown()[pri:0, instance:tests.LoginTest@35cabb2a]" started-at="2024-11-26T13:37:50 IST" name="teardown" finished-at="2024-11-26T13:37:50 IST" duration-ms="151" status="PASS">
          <reporter-output>
          </reporter-output>
        </test-method> <!-- teardown -->
        <test-method is-config="true" signature="setup()[pri:0, instance:tests.LoginTest@35cabb2a]" started-at="2024-11-26T13:37:50 IST" name="setup" finished-at="2024-11-26T13:37:54 IST" duration-ms="3961" status="PASS">
          <reporter-output>
          </reporter-output>
        </test-method> <!-- setup -->
        <test-method signature="verifyLoginUsingInvalidCredentials()[pri:2, instance:tests.LoginTest@35cabb2a]" started-at="2024-11-26T13:37:54 IST" name="verifyLoginUsingInvalidCredentials" finished-at="2024-11-26T13:37:55 IST" duration-ms="1153" status="PASS">
          <reporter-output>
          </reporter-output>
        </test-method> <!-- verifyLoginUsingInvalidCredentials -->
        <test-method is-config="true" signature="teardown()[pri:0, instance:tests.LoginTest@35cabb2a]" started-at="2024-11-26T13:37:55 IST" name="teardown" finished-at="2024-11-26T13:37:56 IST" duration-ms="223" status="PASS">
          <reporter-output>
          </reporter-output>
        </test-method> <!-- teardown -->
        <test-method is-config="true" signature="setup()[pri:0, instance:tests.LoginTest@35cabb2a]" started-at="2024-11-26T13:37:56 IST" name="setup" finished-at="2024-11-26T13:38:00 IST" duration-ms="4449" status="PASS">
          <reporter-output>
          </reporter-output>
        </test-method> <!-- setup -->
        <test-method signature="verifyLoginUsingInvalidEmailAndValidPassword()[pri:3, instance:tests.LoginTest@35cabb2a]" started-at="2024-11-26T13:38:00 IST" name="verifyLoginUsingInvalidEmailAndValidPassword" finished-at="2024-11-26T13:38:01 IST" duration-ms="1492" status="PASS">
          <reporter-output>
          </reporter-output>
        </test-method> <!-- verifyLoginUsingInvalidEmailAndValidPassword -->
        <test-method is-config="true" signature="teardown()[pri:0, instance:tests.LoginTest@35cabb2a]" started-at="2024-11-26T13:38:01 IST" name="teardown" finished-at="2024-11-26T13:38:02 IST" duration-ms="199" status="PASS">
          <reporter-output>
          </reporter-output>
        </test-method> <!-- teardown -->
        <test-method is-config="true" signature="setup()[pri:0, instance:tests.LoginTest@35cabb2a]" started-at="2024-11-26T13:38:02 IST" name="setup" finished-at="2024-11-26T13:38:06 IST" duration-ms="4688" status="PASS">
          <reporter-output>
          </reporter-output>
        </test-method> <!-- setup -->
        <test-method signature="verifyLoginUsingValidEmailAndInvalidPassword()[pri:4, instance:tests.LoginTest@35cabb2a]" started-at="2024-11-26T13:38:06 IST" name="verifyLoginUsingValidEmailAndInvalidPassword" finished-at="2024-11-26T13:38:08 IST" duration-ms="1376" status="PASS">
          <reporter-output>
          </reporter-output>
        </test-method> <!-- verifyLoginUsingValidEmailAndInvalidPassword -->
        <test-method is-config="true" signature="teardown()[pri:0, instance:tests.LoginTest@35cabb2a]" started-at="2024-11-26T13:38:08 IST" name="teardown" finished-at="2024-11-26T13:38:08 IST" duration-ms="218" status="PASS">
          <reporter-output>
          </reporter-output>
        </test-method> <!-- teardown -->
        <test-method is-config="true" signature="setup()[pri:0, instance:tests.LoginTest@35cabb2a]" started-at="2024-11-26T13:38:08 IST" name="setup" finished-at="2024-11-26T13:38:12 IST" duration-ms="4162" status="PASS">
          <reporter-output>
          </reporter-output>
        </test-method> <!-- setup -->
        <test-method signature="verifyLoginWithoutCredentials()[pri:5, instance:tests.LoginTest@35cabb2a]" started-at="2024-11-26T13:38:12 IST" name="verifyLoginWithoutCredentials" finished-at="2024-11-26T13:38:13 IST" duration-ms="837" status="PASS">
          <reporter-output>
          </reporter-output>
        </test-method> <!-- verifyLoginWithoutCredentials -->
        <test-method is-config="true" signature="teardown()[pri:0, instance:tests.LoginTest@35cabb2a]" started-at="2024-11-26T13:38:13 IST" name="teardown" finished-at="2024-11-26T13:38:13 IST" duration-ms="221" status="PASS">
          <reporter-output>
          </reporter-output>
        </test-method> <!-- teardown -->
      </class> <!-- tests.LoginTest -->
      <class name="tests.RegisterTest">
        <test-method is-config="true" signature="setup()[pri:0, instance:tests.RegisterTest@62150f9e]" started-at="2024-11-26T13:36:59 IST" name="setup" finished-at="2024-11-26T13:37:05 IST" duration-ms="5776" status="PASS">
          <reporter-output>
          </reporter-output>
        </test-method> <!-- setup -->
        <test-method signature="verifyRegistingAccountUsingMandtoryFields()[pri:1, instance:tests.RegisterTest@62150f9e]" started-at="2024-11-26T13:37:05 IST" name="verifyRegistingAccountUsingMandtoryFields" finished-at="2024-11-26T13:37:09 IST" duration-ms="4008" status="PASS">
          <reporter-output>
          </reporter-output>
        </test-method> <!-- verifyRegistingAccountUsingMandtoryFields -->
        <test-method is-config="true" signature="teardown()[pri:0, instance:tests.RegisterTest@62150f9e]" started-at="2024-11-26T13:37:09 IST" name="teardown" finished-at="2024-11-26T13:37:09 IST" duration-ms="313" status="PASS">
          <reporter-output>
          </reporter-output>
        </test-method> <!-- teardown -->
        <test-method is-config="true" signature="setup()[pri:0, instance:tests.RegisterTest@62150f9e]" started-at="2024-11-26T13:37:09 IST" name="setup" finished-at="2024-11-26T13:37:14 IST" duration-ms="5553" status="PASS">
          <reporter-output>
          </reporter-output>
        </test-method> <!-- setup -->
        <test-method signature="verifyRegisteringAccountUsingAllFields()[pri:2, instance:tests.RegisterTest@62150f9e]" started-at="2024-11-26T13:37:14 IST" name="verifyRegisteringAccountUsingAllFields" finished-at="2024-11-26T13:37:19 IST" duration-ms="4562" status="PASS">
          <reporter-output>
          </reporter-output>
        </test-method> <!-- verifyRegisteringAccountUsingAllFields -->
        <test-method is-config="true" signature="teardown()[pri:0, instance:tests.RegisterTest@62150f9e]" started-at="2024-11-26T13:37:19 IST" name="teardown" finished-at="2024-11-26T13:37:19 IST" duration-ms="279" status="PASS">
          <reporter-output>
          </reporter-output>
        </test-method> <!-- teardown -->
        <test-method is-config="true" signature="setup()[pri:0, instance:tests.RegisterTest@62150f9e]" started-at="2024-11-26T13:37:19 IST" name="setup" finished-at="2024-11-26T13:37:24 IST" duration-ms="4829" status="PASS">
          <reporter-output>
          </reporter-output>
        </test-method> <!-- setup -->
        <test-method signature="verifyRegisterationBySayingYesToNewsletter()[pri:3, instance:tests.RegisterTest@62150f9e]" started-at="2024-11-26T13:37:24 IST" name="verifyRegisterationBySayingYesToNewsletter" finished-at="2024-11-26T13:37:30 IST" duration-ms="5462" status="PASS">
          <reporter-output>
          </reporter-output>
        </test-method> <!-- verifyRegisterationBySayingYesToNewsletter -->
        <test-method is-config="true" signature="teardown()[pri:0, instance:tests.RegisterTest@62150f9e]" started-at="2024-11-26T13:37:30 IST" name="teardown" finished-at="2024-11-26T13:37:30 IST" duration-ms="156" status="PASS">
          <reporter-output>
          </reporter-output>
        </test-method> <!-- teardown -->
      </class> <!-- tests.RegisterTest -->
      <class name="tests.SearchTest">
        <test-method is-config="true" signature="setup()[pri:0, instance:tests.SearchTest@36bc55de]" started-at="2024-11-26T13:38:13 IST" name="setup" finished-at="2024-11-26T13:38:17 IST" duration-ms="3731" status="PASS">
          <reporter-output>
          </reporter-output>
        </test-method> <!-- setup -->
        <test-method signature="verifySearchWithExistingProduct()[pri:1, instance:tests.SearchTest@36bc55de]" started-at="2024-11-26T13:38:17 IST" name="verifySearchWithExistingProduct" finished-at="2024-11-26T13:38:18 IST" duration-ms="1082" status="PASS">
          <reporter-output>
          </reporter-output>
        </test-method> <!-- verifySearchWithExistingProduct -->
        <test-method is-config="true" signature="teardown()[pri:0, instance:tests.SearchTest@36bc55de]" started-at="2024-11-26T13:38:18 IST" name="teardown" finished-at="2024-11-26T13:38:18 IST" duration-ms="237" status="PASS">
          <reporter-output>
          </reporter-output>
        </test-method> <!-- teardown -->
        <test-method is-config="true" signature="setup()[pri:0, instance:tests.SearchTest@36bc55de]" started-at="2024-11-26T13:38:18 IST" name="setup" finished-at="2024-11-26T13:38:22 IST" duration-ms="4023" status="PASS">
          <reporter-output>
          </reporter-output>
        </test-method> <!-- setup -->
        <test-method signature="verifySearchWithNonExistingProduct()[pri:2, instance:tests.SearchTest@36bc55de]" started-at="2024-11-26T13:38:22 IST" name="verifySearchWithNonExistingProduct" finished-at="2024-11-26T13:38:23 IST" depends-on-methods="tests.SearchTest.verifySearchWithExistingProduct" duration-ms="858" status="PASS">
          <reporter-output>
          </reporter-output>
        </test-method> <!-- verifySearchWithNonExistingProduct -->
        <test-method is-config="true" signature="teardown()[pri:0, instance:tests.SearchTest@36bc55de]" started-at="2024-11-26T13:38:23 IST" name="teardown" finished-at="2024-11-26T13:38:23 IST" duration-ms="131" status="PASS">
          <reporter-output>
          </reporter-output>
        </test-method> <!-- teardown -->
        <test-method is-config="true" signature="setup()[pri:0, instance:tests.SearchTest@36bc55de]" started-at="2024-11-26T13:38:23 IST" name="setup" finished-at="2024-11-26T13:38:27 IST" duration-ms="3461" status="PASS">
          <reporter-output>
          </reporter-output>
        </test-method> <!-- setup -->
        <test-method signature="verifySearchWithoutEnteringAnyProduct()[pri:3, instance:tests.SearchTest@36bc55de]" started-at="2024-11-26T13:38:27 IST" name="verifySearchWithoutEnteringAnyProduct" finished-at="2024-11-26T13:38:27 IST" duration-ms="722" status="PASS">
          <reporter-output>
          </reporter-output>
        </test-method> <!-- verifySearchWithoutEnteringAnyProduct -->
        <test-method is-config="true" signature="teardown()[pri:0, instance:tests.SearchTest@36bc55de]" started-at="2024-11-26T13:38:27 IST" name="teardown" finished-at="2024-11-26T13:38:28 IST" duration-ms="258" status="PASS">
          <reporter-output>
          </reporter-output>
        </test-method> <!-- teardown -->
      </class> <!-- tests.SearchTest -->
    </test> <!-- Test -->
  </suite> <!-- Suite -->
</testng-results>
