<?xml version="1.0" encoding="UTF-8"?>
<testng-results ignored="0" total="13" passed="13" failed="0" skipped="0">
  <reporter-output>
  </reporter-output>
  <suite started-at="2024-11-26T13:19:48 IST" name="Suite" finished-at="2024-11-26T13:21:16 IST" duration-ms="88152">
    <groups>
    </groups>
    <test started-at="2024-11-26T13:19:48 IST" name="Test" finished-at="2024-11-26T13:21:16 IST" duration-ms="88152">
      <class name="tests.LoginTest">
        <test-method is-config="true" signature="setup()[pri:0, instance:tests.LoginTest@10683d9d]" started-at="2024-11-26T13:20:19 IST" name="setup" finished-at="2024-11-26T13:20:24 IST" duration-ms="4225" status="PASS">
          <reporter-output>
          </reporter-output>
        </test-method> <!-- setup -->
        <test-method signature="verifyLoginUsingValidCredentials(java.util.HashMap)[pri:1, instance:tests.LoginTest@10683d9d]" started-at="2024-11-26T13:20:24 IST" name="verifyLoginUsingValidCredentials" data-provider="dataSupplier1" finished-at="2024-11-26T13:20:26 IST" duration-ms="1810" status="PASS">
          <params>
            <param index="0">
              <value>
                <![CDATA[{Username=amotooribatch1@gmail.com, Password=abcde}]]>
              </value>
            </param>
          </params>
          <reporter-output>
          </reporter-output>
        </test-method> <!-- verifyLoginUsingValidCredentials -->
        <test-method is-config="true" signature="teardown()[pri:0, instance:tests.LoginTest@10683d9d]" started-at="2024-11-26T13:20:26 IST" name="teardown" finished-at="2024-11-26T13:20:26 IST" duration-ms="153" status="PASS">
          <reporter-output>
          </reporter-output>
        </test-method> <!-- teardown -->
        <test-method is-config="true" signature="setup()[pri:0, instance:tests.LoginTest@10683d9d]" started-at="2024-11-26T13:20:26 IST" name="setup" finished-at="2024-11-26T13:20:30 IST" duration-ms="4720" status="PASS">
          <reporter-output>
          </reporter-output>
        </test-method> <!-- setup -->
        <test-method signature="verifyLoginUsingValidCredentials(java.util.HashMap)[pri:1, instance:tests.LoginTest@10683d9d]" started-at="2024-11-26T13:20:30 IST" name="verifyLoginUsingValidCredentials" data-provider="dataSupplier1" finished-at="2024-11-26T13:20:32 IST" duration-ms="1785" status="PASS">
          <params>
            <param index="0">
              <value>
                <![CDATA[{Username=amotooribatch11@gmail.com, Password=fghij}]]>
              </value>
            </param>
          </params>
          <reporter-output>
          </reporter-output>
        </test-method> <!-- verifyLoginUsingValidCredentials -->
        <test-method is-config="true" signature="teardown()[pri:0, instance:tests.LoginTest@10683d9d]" started-at="2024-11-26T13:20:32 IST" name="teardown" finished-at="2024-11-26T13:20:32 IST" duration-ms="170" status="PASS">
          <reporter-output>
          </reporter-output>
        </test-method> <!-- teardown -->
        <test-method is-config="true" signature="setup()[pri:0, instance:tests.LoginTest@10683d9d]" started-at="2024-11-26T13:20:32 IST" name="setup" finished-at="2024-11-26T13:20:37 IST" duration-ms="4460" status="PASS">
          <reporter-output>
          </reporter-output>
        </test-method> <!-- setup -->
        <test-method signature="verifyLoginUsingValidCredentials(java.util.HashMap)[pri:1, instance:tests.LoginTest@10683d9d]" started-at="2024-11-26T13:20:37 IST" name="verifyLoginUsingValidCredentials" data-provider="dataSupplier1" finished-at="2024-11-26T13:20:38 IST" duration-ms="1669" status="PASS">
          <params>
            <param index="0">
              <value>
                <![CDATA[{Username=amotooribatch111@gmail.com, Password=klmno}]]>
              </value>
            </param>
          </params>
          <reporter-output>
          </reporter-output>
        </test-method> <!-- verifyLoginUsingValidCredentials -->
        <test-method is-config="true" signature="teardown()[pri:0, instance:tests.LoginTest@10683d9d]" started-at="2024-11-26T13:20:39 IST" name="teardown" finished-at="2024-11-26T13:20:39 IST" duration-ms="224" status="PASS">
          <reporter-output>
          </reporter-output>
        </test-method> <!-- teardown -->
        <test-method is-config="true" signature="setup()[pri:0, instance:tests.LoginTest@10683d9d]" started-at="2024-11-26T13:20:39 IST" name="setup" finished-at="2024-11-26T13:20:43 IST" duration-ms="4194" status="PASS">
          <reporter-output>
          </reporter-output>
        </test-method> <!-- setup -->
        <test-method signature="verifyLoginUsingInvalidCredentials()[pri:2, instance:tests.LoginTest@10683d9d]" started-at="2024-11-26T13:20:43 IST" name="verifyLoginUsingInvalidCredentials" finished-at="2024-11-26T13:20:44 IST" duration-ms="1468" status="PASS">
          <reporter-output>
          </reporter-output>
        </test-method> <!-- verifyLoginUsingInvalidCredentials -->
        <test-method is-config="true" signature="teardown()[pri:0, instance:tests.LoginTest@10683d9d]" started-at="2024-11-26T13:20:44 IST" name="teardown" finished-at="2024-11-26T13:20:45 IST" duration-ms="255" status="PASS">
          <reporter-output>
          </reporter-output>
        </test-method> <!-- teardown -->
        <test-method is-config="true" signature="setup()[pri:0, instance:tests.LoginTest@10683d9d]" started-at="2024-11-26T13:20:45 IST" name="setup" finished-at="2024-11-26T13:20:49 IST" duration-ms="4595" status="PASS">
          <reporter-output>
          </reporter-output>
        </test-method> <!-- setup -->
        <test-method signature="verifyLoginUsingInvalidEmailAndValidPassword()[pri:3, instance:tests.LoginTest@10683d9d]" started-at="2024-11-26T13:20:49 IST" name="verifyLoginUsingInvalidEmailAndValidPassword" finished-at="2024-11-26T13:20:51 IST" duration-ms="1449" status="PASS">
          <reporter-output>
          </reporter-output>
        </test-method> <!-- verifyLoginUsingInvalidEmailAndValidPassword -->
        <test-method is-config="true" signature="teardown()[pri:0, instance:tests.LoginTest@10683d9d]" started-at="2024-11-26T13:20:51 IST" name="teardown" finished-at="2024-11-26T13:20:51 IST" duration-ms="278" status="PASS">
          <reporter-output>
          </reporter-output>
        </test-method> <!-- teardown -->
        <test-method is-config="true" signature="setup()[pri:0, instance:tests.LoginTest@10683d9d]" started-at="2024-11-26T13:20:51 IST" name="setup" finished-at="2024-11-26T13:20:55 IST" duration-ms="4346" status="PASS">
          <reporter-output>
          </reporter-output>
        </test-method> <!-- setup -->
        <test-method signature="verifyLoginUsingValidEmailAndInvalidPassword()[pri:4, instance:tests.LoginTest@10683d9d]" started-at="2024-11-26T13:20:55 IST" name="verifyLoginUsingValidEmailAndInvalidPassword" finished-at="2024-11-26T13:20:57 IST" duration-ms="1514" status="PASS">
          <reporter-output>
          </reporter-output>
        </test-method> <!-- verifyLoginUsingValidEmailAndInvalidPassword -->
        <test-method is-config="true" signature="teardown()[pri:0, instance:tests.LoginTest@10683d9d]" started-at="2024-11-26T13:20:57 IST" name="teardown" finished-at="2024-11-26T13:20:57 IST" duration-ms="254" status="PASS">
          <reporter-output>
          </reporter-output>
        </test-method> <!-- teardown -->
        <test-method is-config="true" signature="setup()[pri:0, instance:tests.LoginTest@10683d9d]" started-at="2024-11-26T13:20:57 IST" name="setup" finished-at="2024-11-26T13:21:02 IST" duration-ms="4449" status="PASS">
          <reporter-output>
          </reporter-output>
        </test-method> <!-- setup -->
        <test-method signature="verifyLoginWithoutCredentials()[pri:5, instance:tests.LoginTest@10683d9d]" started-at="2024-11-26T13:21:02 IST" name="verifyLoginWithoutCredentials" finished-at="2024-11-26T13:21:02 IST" duration-ms="807" status="PASS">
          <reporter-output>
          </reporter-output>
        </test-method> <!-- verifyLoginWithoutCredentials -->
        <test-method is-config="true" signature="teardown()[pri:0, instance:tests.LoginTest@10683d9d]" started-at="2024-11-26T13:21:02 IST" name="teardown" finished-at="2024-11-26T13:21:02 IST" duration-ms="136" status="PASS">
          <reporter-output>
          </reporter-output>
        </test-method> <!-- teardown -->
      </class> <!-- tests.LoginTest -->
      <class name="tests.RegisterTest">
        <test-method is-config="true" signature="setup()[pri:0, instance:tests.RegisterTest@65fb9ffc]" started-at="2024-11-26T13:19:48 IST" name="setup" finished-at="2024-11-26T13:19:53 IST" duration-ms="5186" status="PASS">
          <reporter-output>
          </reporter-output>
        </test-method> <!-- setup -->
        <test-method signature="verifyRegistingAccountUsingMandtoryFields()[pri:1, instance:tests.RegisterTest@65fb9ffc]" started-at="2024-11-26T13:19:53 IST" name="verifyRegistingAccountUsingMandtoryFields" finished-at="2024-11-26T13:19:58 IST" duration-ms="4479" status="PASS">
          <reporter-output>
          </reporter-output>
        </test-method> <!-- verifyRegistingAccountUsingMandtoryFields -->
        <test-method is-config="true" signature="teardown()[pri:0, instance:tests.RegisterTest@65fb9ffc]" started-at="2024-11-26T13:19:58 IST" name="teardown" finished-at="2024-11-26T13:19:58 IST" duration-ms="296" status="PASS">
          <reporter-output>
          </reporter-output>
        </test-method> <!-- teardown -->
        <test-method is-config="true" signature="setup()[pri:0, instance:tests.RegisterTest@65fb9ffc]" started-at="2024-11-26T13:19:58 IST" name="setup" finished-at="2024-11-26T13:20:03 IST" duration-ms="4947" status="PASS">
          <reporter-output>
          </reporter-output>
        </test-method> <!-- setup -->
        <test-method signature="verifyRegisteringAccountUsingAllFields()[pri:2, instance:tests.RegisterTest@65fb9ffc]" started-at="2024-11-26T13:20:03 IST" name="verifyRegisteringAccountUsingAllFields" finished-at="2024-11-26T13:20:07 IST" duration-ms="4544" status="PASS">
          <reporter-output>
          </reporter-output>
        </test-method> <!-- verifyRegisteringAccountUsingAllFields -->
        <test-method is-config="true" signature="teardown()[pri:0, instance:tests.RegisterTest@65fb9ffc]" started-at="2024-11-26T13:20:07 IST" name="teardown" finished-at="2024-11-26T13:20:08 IST" duration-ms="352" status="PASS">
          <reporter-output>
          </reporter-output>
        </test-method> <!-- teardown -->
        <test-method is-config="true" signature="setup()[pri:0, instance:tests.RegisterTest@65fb9ffc]" started-at="2024-11-26T13:20:08 IST" name="setup" finished-at="2024-11-26T13:20:13 IST" duration-ms="5037" status="PASS">
          <reporter-output>
          </reporter-output>
        </test-method> <!-- setup -->
        <test-method signature="verifyRegisterationBySayingYesToNewsletter()[pri:3, instance:tests.RegisterTest@65fb9ffc]" started-at="2024-11-26T13:20:13 IST" name="verifyRegisterationBySayingYesToNewsletter" finished-at="2024-11-26T13:20:18 IST" duration-ms="4967" status="PASS">
          <reporter-output>
          </reporter-output>
        </test-method> <!-- verifyRegisterationBySayingYesToNewsletter -->
        <test-method is-config="true" signature="teardown()[pri:0, instance:tests.RegisterTest@65fb9ffc]" started-at="2024-11-26T13:20:18 IST" name="teardown" finished-at="2024-11-26T13:20:18 IST" duration-ms="353" status="PASS">
          <reporter-output>
          </reporter-output>
        </test-method> <!-- teardown -->
      </class> <!-- tests.RegisterTest -->
      <class name="tests.SearchTest">
        <test-method is-config="true" signature="setup()[pri:0, instance:tests.SearchTest@6989da5e]" started-at="2024-11-26T13:21:02 IST" name="setup" finished-at="2024-11-26T13:21:06 IST" duration-ms="3278" status="PASS">
          <reporter-output>
          </reporter-output>
        </test-method> <!-- setup -->
        <test-method signature="verifySearchWithExistingProduct()[pri:1, instance:tests.SearchTest@6989da5e]" started-at="2024-11-26T13:21:06 IST" name="verifySearchWithExistingProduct" finished-at="2024-11-26T13:21:07 IST" duration-ms="962" status="PASS">
          <reporter-output>
          </reporter-output>
        </test-method> <!-- verifySearchWithExistingProduct -->
        <test-method is-config="true" signature="teardown()[pri:0, instance:tests.SearchTest@6989da5e]" started-at="2024-11-26T13:21:07 IST" name="teardown" finished-at="2024-11-26T13:21:07 IST" duration-ms="158" status="PASS">
          <reporter-output>
          </reporter-output>
        </test-method> <!-- teardown -->
        <test-method is-config="true" signature="setup()[pri:0, instance:tests.SearchTest@6989da5e]" started-at="2024-11-26T13:21:07 IST" name="setup" finished-at="2024-11-26T13:21:10 IST" duration-ms="3457" status="PASS">
          <reporter-output>
          </reporter-output>
        </test-method> <!-- setup -->
        <test-method signature="verifySearchWithNonExistingProduct()[pri:2, instance:tests.SearchTest@6989da5e]" started-at="2024-11-26T13:21:10 IST" name="verifySearchWithNonExistingProduct" finished-at="2024-11-26T13:21:11 IST" depends-on-methods="tests.SearchTest.verifySearchWithExistingProduct" duration-ms="878" status="PASS">
          <reporter-output>
          </reporter-output>
        </test-method> <!-- verifySearchWithNonExistingProduct -->
        <test-method is-config="true" signature="teardown()[pri:0, instance:tests.SearchTest@6989da5e]" started-at="2024-11-26T13:21:11 IST" name="teardown" finished-at="2024-11-26T13:21:11 IST" duration-ms="155" status="PASS">
          <reporter-output>
          </reporter-output>
        </test-method> <!-- teardown -->
        <test-method is-config="true" signature="setup()[pri:0, instance:tests.SearchTest@6989da5e]" started-at="2024-11-26T13:21:11 IST" name="setup" finished-at="2024-11-26T13:21:15 IST" duration-ms="3609" status="PASS">
          <reporter-output>
          </reporter-output>
        </test-method> <!-- setup -->
        <test-method signature="verifySearchWithoutEnteringAnyProduct()[pri:3, instance:tests.SearchTest@6989da5e]" started-at="2024-11-26T13:21:15 IST" name="verifySearchWithoutEnteringAnyProduct" finished-at="2024-11-26T13:21:16 IST" duration-ms="579" status="PASS">
          <reporter-output>
          </reporter-output>
        </test-method> <!-- verifySearchWithoutEnteringAnyProduct -->
        <test-method is-config="true" signature="teardown()[pri:0, instance:tests.SearchTest@6989da5e]" started-at="2024-11-26T13:21:16 IST" name="teardown" finished-at="2024-11-26T13:21:16 IST" duration-ms="155" status="PASS">
          <reporter-output>
          </reporter-output>
        </test-method> <!-- teardown -->
      </class> <!-- tests.SearchTest -->
    </test> <!-- Test -->
  </suite> <!-- Suite -->
</testng-results>
